<?xml version="1.0" encoding="UTF-8"?>
<TestRun id="5cd9afc4-7e8d-43e9-9e0d-6fe98520f406" name="Dan@HAL9000 2010-09-21 17:26:57" runUser="HAL9000\Dan" xmlns="http://microsoft.com/schemas/VisualStudio/TeamTest/2006">
  <TestRunConfiguration name="Local Test Run" id="02cef4a3-20cf-43dc-8d79-7916465e7753">
    <Description>This is a default test run configuration for a local test run.</Description>
    <Deployment runDeploymentRoot="C:\Users\Dan\Documents\Development\Source\CodeFactory\v3.5\TestResults\Dan_HAL9000 2010-09-21 17_26_57">
      <DeploymentItem filename="C:\Users\Dan\Documents\Development\Source\CodeFactory\v3.5\CodeFactory.ContentManager\bin\com.flajaxian.FileUploader.dll" />
      <DeploymentItem filename="C:\Users\Dan\Documents\Development\Source\CodeFactory\v3.5\CodeFactory.ContentManager\bin\Debug\CodeFactory.ContentManager.dll" />
      <DeploymentItem filename="C:\Users\Dan\Documents\Development\Source\CodeFactory\v3.5\CodeFactory.Web\bin\Debug\CodeFactory.Web.dll" />
      <DeploymentItem filename="C:\Users\Dan\Documents\Development\Source\CodeFactory\v3.5\CodeFactory.DataAccess.Transactions\bin\Debug\CodeFactory.DataAccess.Transactions.dll" />
      <DeploymentItem filename="C:\Users\Dan\Documents\Development\Source\CodeFactory\v3.5\CodeFactory.Utilities\bin\Debug\CodeFactory.Utilities.dll" />
      <DeploymentItem filename="C:\Users\Dan\Documents\Development\Source\CodeFactory\v3.5\CodeFactory.DataAccess\bin\Debug\CodeFactory.DataAccess.dll" />
    </Deployment>
    <TestTypeSpecific />
  </TestRunConfiguration>
  <ResultSummary outcome="Completed">
    <Counters total="5" executed="5" passed="5" error="0" failed="0" timeout="0" aborted="0" inconclusive="0" passedButRunAborted="0" notRunnable="0" notExecuted="0" disconnected="0" warning="0" completed="0" inProgress="0" pending="0" />
  </ResultSummary>
  <Times creation="2010-09-21T17:26:57.2263231-05:00" queuing="2010-09-21T17:26:59.1834351-05:00" start="2010-09-21T17:26:59.5544563-05:00" finish="2010-09-21T17:27:00.6895212-05:00" />
  <TestDefinitions>
    <UnitTest name="GetPageBySlugTest" storage="c:\users\dan\documents\development\source\codefactory\v3.5\codefactory.contentmanager.test\bin\debug\codefactory.contentmanager.test.dll" id="daf21cdf-2ebb-f708-6853-a4d029320595">
      <Css projectStructure="" iteration="" />
      <Owners>
        <Owner name="" />
      </Owners>
      <Execution id="53f32b21-d469-4339-a39e-6589c396a3e7" />
      <TestMethod codeBase="C:\Users\Dan\Documents\Development\Source\CodeFactory\v3.5\CodeFactory.ContentManager.Test\bin\Debug\CodeFactory.ContentManager.Test.dll" adapterTypeName="Microsoft.VisualStudio.TestTools.TestTypes.Unit.UnitTestAdapter, Microsoft.VisualStudio.QualityTools.Tips.UnitTest.Adapter, Version=9.0.0.0, Culture=neutral, PublicKeyToken=b03f5f7f11d50a3a" className="CodeFactory.ContentManager.Test.ContentManagementServiceTest, CodeFactory.ContentManager.Test" name="GetPageBySlugTest" />
    </UnitTest>
    <UnitTest name="GetPageTest" storage="c:\users\dan\documents\development\source\codefactory\v3.5\codefactory.contentmanager.test\bin\debug\codefactory.contentmanager.test.dll" id="a76a9fb4-c043-218f-1f5f-628f3daa68e8">
      <Css projectStructure="" iteration="" />
      <Owners>
        <Owner name="" />
      </Owners>
      <Execution id="d397bf9b-6878-4634-a16c-ba8c2ca984ba" />
      <TestMethod codeBase="C:\Users\Dan\Documents\Development\Source\CodeFactory\v3.5\CodeFactory.ContentManager.Test\bin\Debug\CodeFactory.ContentManager.Test.dll" adapterTypeName="Microsoft.VisualStudio.TestTools.TestTypes.Unit.UnitTestAdapter, Microsoft.VisualStudio.QualityTools.Tips.UnitTest.Adapter, Version=9.0.0.0, Culture=neutral, PublicKeyToken=b03f5f7f11d50a3a" className="CodeFactory.ContentManager.Test.ContentManagementServiceTest, CodeFactory.ContentManager.Test" name="GetPageTest" />
    </UnitTest>
    <UnitTest name="GetPagesTest" storage="c:\users\dan\documents\development\source\codefactory\v3.5\codefactory.contentmanager.test\bin\debug\codefactory.contentmanager.test.dll" id="02a323d6-56a8-e503-6c8b-652413a37be8">
      <Css projectStructure="" iteration="" />
      <Owners>
        <Owner name="" />
      </Owners>
      <Execution id="83f7afd6-fe56-4334-b7e1-fcea4b7a4f09" />
      <TestMethod codeBase="C:\Users\Dan\Documents\Development\Source\CodeFactory\v3.5\CodeFactory.ContentManager.Test\bin\Debug\CodeFactory.ContentManager.Test.dll" adapterTypeName="Microsoft.VisualStudio.TestTools.TestTypes.Unit.UnitTestAdapter, Microsoft.VisualStudio.QualityTools.Tips.UnitTest.Adapter, Version=9.0.0.0, Culture=neutral, PublicKeyToken=b03f5f7f11d50a3a" className="CodeFactory.ContentManager.Test.ContentManagementServiceTest, CodeFactory.ContentManager.Test" name="GetPagesTest" />
    </UnitTest>
    <UnitTest name="CRUDPageTest" storage="c:\users\dan\documents\development\source\codefactory\v3.5\codefactory.contentmanager.test\bin\debug\codefactory.contentmanager.test.dll" id="9567f949-1066-318c-2879-9c86b79d033d">
      <Css projectStructure="" iteration="" />
      <Owners>
        <Owner name="" />
      </Owners>
      <Execution id="49021b8b-1acb-4581-8274-689a6efef279" />
      <TestMethod codeBase="C:\Users\Dan\Documents\Development\Source\CodeFactory\v3.5\CodeFactory.ContentManager.Test\bin\Debug\CodeFactory.ContentManager.Test.dll" adapterTypeName="Microsoft.VisualStudio.TestTools.TestTypes.Unit.UnitTestAdapter, Microsoft.VisualStudio.QualityTools.Tips.UnitTest.Adapter, Version=9.0.0.0, Culture=neutral, PublicKeyToken=b03f5f7f11d50a3a" className="CodeFactory.ContentManager.Test.ContentManagementServiceTest, CodeFactory.ContentManager.Test" name="CRUDPageTest" />
    </UnitTest>
    <UnitTest name="GetChildPagesTest" storage="c:\users\dan\documents\development\source\codefactory\v3.5\codefactory.contentmanager.test\bin\debug\codefactory.contentmanager.test.dll" id="82901c3a-4ecb-81ce-02fd-623b09674825">
      <Css projectStructure="" iteration="" />
      <Owners>
        <Owner name="" />
      </Owners>
      <Execution id="4075aa11-f832-4beb-9830-754a0608db73" />
      <TestMethod codeBase="C:\Users\Dan\Documents\Development\Source\CodeFactory\v3.5\CodeFactory.ContentManager.Test\bin\Debug\CodeFactory.ContentManager.Test.dll" adapterTypeName="Microsoft.VisualStudio.TestTools.TestTypes.Unit.UnitTestAdapter, Microsoft.VisualStudio.QualityTools.Tips.UnitTest.Adapter, Version=9.0.0.0, Culture=neutral, PublicKeyToken=b03f5f7f11d50a3a" className="CodeFactory.ContentManager.Test.ContentManagementServiceTest, CodeFactory.ContentManager.Test" name="GetChildPagesTest" />
    </UnitTest>
  </TestDefinitions>
  <TestLists>
    <TestList name="Results Not in a List" id="8c84fa94-04c1-424b-9868-57a2d4851a1d" />
    <TestList name="All Loaded Results" id="19431567-8539-422a-85d7-44ee4e166bda" />
  </TestLists>
  <TestEntries>
    <TestEntry testId="82901c3a-4ecb-81ce-02fd-623b09674825" executionId="4075aa11-f832-4beb-9830-754a0608db73" testListId="8c84fa94-04c1-424b-9868-57a2d4851a1d" />
    <TestEntry testId="daf21cdf-2ebb-f708-6853-a4d029320595" executionId="53f32b21-d469-4339-a39e-6589c396a3e7" testListId="8c84fa94-04c1-424b-9868-57a2d4851a1d" />
    <TestEntry testId="a76a9fb4-c043-218f-1f5f-628f3daa68e8" executionId="d397bf9b-6878-4634-a16c-ba8c2ca984ba" testListId="8c84fa94-04c1-424b-9868-57a2d4851a1d" />
    <TestEntry testId="9567f949-1066-318c-2879-9c86b79d033d" executionId="49021b8b-1acb-4581-8274-689a6efef279" testListId="8c84fa94-04c1-424b-9868-57a2d4851a1d" />
    <TestEntry testId="02a323d6-56a8-e503-6c8b-652413a37be8" executionId="83f7afd6-fe56-4334-b7e1-fcea4b7a4f09" testListId="8c84fa94-04c1-424b-9868-57a2d4851a1d" />
  </TestEntries>
  <Results>
    <UnitTestResult executionId="4075aa11-f832-4beb-9830-754a0608db73" testId="82901c3a-4ecb-81ce-02fd-623b09674825" testName="GetChildPagesTest" computerName="HAL9000" duration="00:00:00.1713630" startTime="2010-09-21T17:26:59.6544620-05:00" endTime="2010-09-21T17:27:00.4545078-05:00" testType="13cdc9d9-ddb5-4fa4-a97d-d965ccfc6d4b" outcome="Passed" testListId="8c84fa94-04c1-424b-9868-57a2d4851a1d">
      <Output>
        <TextMessages>
          <Message>Recuperando todas las páginas hijo sin especificar parentId</Message>
          <Message>Recuperando solo las hijas especificando el parentId</Message>
          <Message>Recuperando solo las hijas especificando el parentId y con la paginación errónea</Message>
        </TextMessages>
      </Output>
    </UnitTestResult>
    <UnitTestResult executionId="53f32b21-d469-4339-a39e-6589c396a3e7" testId="daf21cdf-2ebb-f708-6853-a4d029320595" testName="GetPageBySlugTest" computerName="HAL9000" duration="00:00:00.0050224" startTime="2010-09-21T17:27:00.4645083-05:00" endTime="2010-09-21T17:27:00.4735088-05:00" testType="13cdc9d9-ddb5-4fa4-a97d-d965ccfc6d4b" outcome="Passed" testListId="8c84fa94-04c1-424b-9868-57a2d4851a1d">
      <Output>
        <TextMessages>
          <Message>Recuperando la primera página mediante el slug</Message>
        </TextMessages>
      </Output>
    </UnitTestResult>
    <UnitTestResult executionId="d397bf9b-6878-4634-a16c-ba8c2ca984ba" testId="a76a9fb4-c043-218f-1f5f-628f3daa68e8" testName="GetPageTest" computerName="HAL9000" duration="00:00:00.0080058" startTime="2010-09-21T17:27:00.4755090-05:00" endTime="2010-09-21T17:27:00.4875096-05:00" testType="13cdc9d9-ddb5-4fa4-a97d-d965ccfc6d4b" outcome="Passed" testListId="8c84fa94-04c1-424b-9868-57a2d4851a1d">
      <Output>
        <TextMessages>
          <Message>Recuperando la primera página mediante el id</Message>
        </TextMessages>
      </Output>
    </UnitTestResult>
    <UnitTestResult executionId="49021b8b-1acb-4581-8274-689a6efef279" testId="9567f949-1066-318c-2879-9c86b79d033d" testName="CRUDPageTest" computerName="HAL9000" duration="00:00:00.0492625" startTime="2010-09-21T17:27:00.4885097-05:00" endTime="2010-09-21T17:27:00.5415127-05:00" testType="13cdc9d9-ddb5-4fa4-a97d-d965ccfc6d4b" outcome="Passed" testListId="8c84fa94-04c1-424b-9868-57a2d4851a1d">
      <Output>
      </Output>
    </UnitTestResult>
    <UnitTestResult executionId="83f7afd6-fe56-4334-b7e1-fcea4b7a4f09" testId="02a323d6-56a8-e503-6c8b-652413a37be8" testName="GetPagesTest" computerName="HAL9000" duration="00:00:00.0150301" startTime="2010-09-21T17:27:00.5445129-05:00" endTime="2010-09-21T17:27:00.5825151-05:00" testType="13cdc9d9-ddb5-4fa4-a97d-d965ccfc6d4b" outcome="Passed" testListId="8c84fa94-04c1-424b-9868-57a2d4851a1d">
      <Output>
        <TextMessages>
          <Message>Recuperando todas las páginas</Message>
          <Message>Recuperando las páginas invisibles</Message>
          <Message>Recuperando la primera página</Message>
          <Message>Recuperando la primera página</Message>
        </TextMessages>
      </Output>
    </UnitTestResult>
  </Results>
</TestRun>